<?xml version="1.0" encoding="UTF-8"?>
<testng-results ignored="0" total="3" passed="3" failed="0" skipped="0">
  <reporter-output>
  </reporter-output>
  <suite started-at="2023-07-13T22:29:34 IST" name="Suite" finished-at="2023-07-13T22:30:00 IST" duration-ms="26342">
    <groups>
    </groups>
    <test started-at="2023-07-13T22:29:34 IST" name="Test" finished-at="2023-07-13T22:30:00 IST" duration-ms="26342">
      <class name="BaseTest">
        <test-method signature="testGETAPI()[pri:0, instance:BaseTest@55182842]" started-at="2023-07-13T22:29:35 IST" name="testGETAPI" finished-at="2023-07-13T22:29:47 IST" duration-ms="12068" status="PASS">
          <reporter-output>
          </reporter-output>
        </test-method> <!-- testGETAPI -->
        <test-method signature="testPATCHAPI()[pri:0, instance:BaseTest@55182842]" started-at="2023-07-13T22:29:47 IST" name="testPATCHAPI" finished-at="2023-07-13T22:29:55 IST" duration-ms="8358" status="PASS">
          <reporter-output>
          </reporter-output>
        </test-method> <!-- testPATCHAPI -->
        <test-method signature="testPUTAPI()[pri:0, instance:BaseTest@55182842]" started-at="2023-07-13T22:29:55 IST" name="testPUTAPI" finished-at="2023-07-13T22:30:00 IST" duration-ms="4920" status="PASS">
          <reporter-output>
          </reporter-output>
        </test-method> <!-- testPUTAPI -->
      </class> <!-- BaseTest -->
    </test> <!-- Test -->
  </suite> <!-- Suite -->
</testng-results>
