<?xml version="1.0" encoding="UTF-8"?>
<testng-results ignored="0" total="1" passed="1" failed="0" skipped="0">
  <reporter-output>
  </reporter-output>
  <suite started-at="2023-07-13T23:14:07 IST" name="Default suite" finished-at="2023-07-13T23:14:23 IST" duration-ms="16415">
    <groups>
    </groups>
    <test started-at="2023-07-13T23:14:07 IST" name="Default test" finished-at="2023-07-13T23:14:23 IST" duration-ms="16415">
      <class name="BaseTest">
        <test-method signature="testLogin()[pri:0, instance:BaseTest@163d04ff]" started-at="2023-07-13T23:14:08 IST" name="testLogin" finished-at="2023-07-13T23:14:23 IST" duration-ms="14861" status="PASS">
          <reporter-output>
          </reporter-output>
        </test-method> <!-- testLogin -->
      </class> <!-- BaseTest -->
    </test> <!-- Default test -->
  </suite> <!-- Default suite -->
</testng-results>
